{"timestamp": "2025-08-12T14:08:46.780572Z", "level": "INFO", "logger": "leaderboard_bot", "message": "Initializing bot services...", "module": "main", "function": "setup_hook", "line": 71}
{"timestamp": "2025-08-12T14:08:46.812339Z", "level": "ERROR", "logger": "leaderboard_bot", "message": "Failed to initialize bot services: CacheService.__init__() got an unexpected keyword argument 'ttl'", "module": "main", "function": "setup_hook", "line": 105, "exception": "Traceback (most recent call last):\n  File \"/home/runner/workspace/main.py\", line 81, in setup_hook\n    self.cache_service = CacheService(\n                         ^^^^^^^^^^^^^\nTypeError: CacheService.__init__() got an unexpected keyword argument 'ttl'"}
{"timestamp": "2025-08-12T14:08:46.813499Z", "level": "ERROR", "logger": "leaderboard_bot", "message": "Fatal error: CacheService.__init__() got an unexpected keyword argument 'ttl'", "module": "main", "function": "main", "line": 261, "exception": "Traceback (most recent call last):\n  File \"/home/runner/workspace/main.py\", line 256, in main\n    await bot.start(bot.config.TOKEN)\n  File \"/home/runner/workspace/.pythonlibs/lib/python3.11/site-packages/discord/client.py\", line 823, in start\n    await self.login(token)\n  File \"/home/runner/workspace/.pythonlibs/lib/python3.11/site-packages/discord/client.py\", line 666, in login\n    await self.setup_hook()\n  File \"/home/runner/workspace/main.py\", line 81, in setup_hook\n    self.cache_service = CacheService(\n                         ^^^^^^^^^^^^^\nTypeError: CacheService.__init__() got an unexpected keyword argument 'ttl'"}
{"timestamp": "2025-08-12T14:08:46.813850Z", "level": "INFO", "logger": "leaderboard_bot", "message": "Initiating graceful shutdown...", "module": "main", "function": "close", "line": 213}
{"timestamp": "2025-08-12T14:08:46.823301Z", "level": "INFO", "logger": "leaderboard_bot", "message": "Graceful shutdown completed", "module": "main", "function": "close", "line": 232}
{"timestamp": "2025-08-12T14:10:18.598412Z", "level": "INFO", "logger": "leaderboard_bot", "message": "Initializing bot services...", "module": "main", "function": "setup_hook", "line": 71}
{"timestamp": "2025-08-12T14:10:18.606422Z", "level": "INFO", "logger": "leaderboard_bot", "message": "Bot services initialized successfully", "module": "main", "function": "setup_hook", "line": 105}
{"timestamp": "2025-08-12T14:10:20.923467Z", "level": "INFO", "logger": "leaderboard_bot", "message": "Bot is ready! Logged in as /mommys#1970", "module": "main", "function": "on_ready", "line": 119}
{"timestamp": "2025-08-12T14:10:20.924065Z", "level": "INFO", "logger": "leaderboard_bot", "message": "Connected to 1 guilds", "module": "main", "function": "on_ready", "line": 120}
{"timestamp": "2025-08-12T14:10:20.925540Z", "level": "INFO", "logger": "leaderboard_bot", "message": "Serving 10434 users", "module": "main", "function": "on_ready", "line": 121}
{"timestamp": "2025-08-12T14:10:26.685947Z", "level": "INFO", "logger": "leaderboard_bot", "message": "Received signal 15, initiating shutdown...", "module": "main", "function": "signal_handler", "line": 252}
{"timestamp": "2025-08-12T14:10:27.616394Z", "level": "INFO", "logger": "leaderboard_bot", "message": "Initiating graceful shutdown...", "module": "main", "function": "close", "line": 216}
{"timestamp": "2025-08-12T14:10:27.618287Z", "level": "INFO", "logger": "leaderboard_bot", "message": "Final performance metrics:", "module": "monitoring", "function": "log_final_metrics", "line": 413}
{"timestamp": "2025-08-12T14:10:27.618449Z", "level": "INFO", "logger": "leaderboard_bot", "message": "Graceful shutdown completed", "module": "main", "function": "close", "line": 235}
{"timestamp": "2025-08-12T14:10:29.075514Z", "level": "INFO", "logger": "leaderboard_bot", "message": "Initializing bot services...", "module": "main", "function": "setup_hook", "line": 71}
{"timestamp": "2025-08-12T14:10:29.081958Z", "level": "INFO", "logger": "leaderboard_bot", "message": "Bot services initialized successfully", "module": "main", "function": "setup_hook", "line": 105}
{"timestamp": "2025-08-12T14:10:31.298866Z", "level": "INFO", "logger": "leaderboard_bot", "message": "Bot is ready! Logged in as /mommys#1970", "module": "main", "function": "on_ready", "line": 119}
{"timestamp": "2025-08-12T14:10:31.299077Z", "level": "INFO", "logger": "leaderboard_bot", "message": "Connected to 1 guilds", "module": "main", "function": "on_ready", "line": 120}
{"timestamp": "2025-08-12T14:10:31.300305Z", "level": "INFO", "logger": "leaderboard_bot", "message": "Serving 10434 users", "module": "main", "function": "on_ready", "line": 121}
{"timestamp": "2025-08-12T14:15:13.313647Z", "level": "INFO", "logger": "leaderboard_bot", "message": "Received signal 15, initiating shutdown...", "module": "main", "function": "signal_handler", "line": 252}
{"timestamp": "2025-08-12T14:15:14.231738Z", "level": "INFO", "logger": "leaderboard_bot", "message": "Initiating graceful shutdown...", "module": "main", "function": "close", "line": 216}
{"timestamp": "2025-08-12T14:15:14.241892Z", "level": "INFO", "logger": "leaderboard_bot", "message": "Final performance metrics:", "module": "monitoring", "function": "log_final_metrics", "line": 413}
{"timestamp": "2025-08-12T14:15:14.242040Z", "level": "INFO", "logger": "leaderboard_bot", "message": "Operation message_processing: count=7, avg=0.003s, errors=0", "module": "monitoring", "function": "log_final_metrics", "line": 416}
{"timestamp": "2025-08-12T14:15:14.242240Z", "level": "INFO", "logger": "leaderboard_bot", "message": "Graceful shutdown completed", "module": "main", "function": "close", "line": 235}
{"timestamp": "2025-08-12T14:15:15.745132Z", "level": "INFO", "logger": "leaderboard_bot", "message": "Initializing bot services...", "module": "main", "function": "setup_hook", "line": 71}
{"timestamp": "2025-08-12T14:15:15.752479Z", "level": "INFO", "logger": "leaderboard_bot", "message": "Bot services initialized successfully", "module": "main", "function": "setup_hook", "line": 105}
{"timestamp": "2025-08-12T14:15:18.184428Z", "level": "INFO", "logger": "leaderboard_bot", "message": "Bot is ready! Logged in as /mommys#1970", "module": "main", "function": "on_ready", "line": 119}
{"timestamp": "2025-08-12T14:15:18.184713Z", "level": "INFO", "logger": "leaderboard_bot", "message": "Connected to 1 guilds", "module": "main", "function": "on_ready", "line": 120}
{"timestamp": "2025-08-12T14:15:18.186140Z", "level": "INFO", "logger": "leaderboard_bot", "message": "Serving 10435 users", "module": "main", "function": "on_ready", "line": 121}
{"timestamp": "2025-08-12T14:20:33.007394Z", "level": "INFO", "logger": "leaderboard_bot", "message": "Received signal 15, initiating shutdown...", "module": "main", "function": "signal_handler", "line": 252}
{"timestamp": "2025-08-12T14:20:33.131954Z", "level": "INFO", "logger": "leaderboard_bot", "message": "Initiating graceful shutdown...", "module": "main", "function": "close", "line": 216}
{"timestamp": "2025-08-12T14:20:33.138394Z", "level": "INFO", "logger": "leaderboard_bot", "message": "Final performance metrics:", "module": "monitoring", "function": "log_final_metrics", "line": 413}
{"timestamp": "2025-08-12T14:20:33.138535Z", "level": "INFO", "logger": "leaderboard_bot", "message": "Operation message_processing: count=3, avg=0.001s, errors=0", "module": "monitoring", "function": "log_final_metrics", "line": 416}
{"timestamp": "2025-08-12T14:20:33.138684Z", "level": "INFO", "logger": "leaderboard_bot", "message": "Graceful shutdown completed", "module": "main", "function": "close", "line": 235}
{"timestamp": "2025-08-12T14:20:35.859580Z", "level": "INFO", "logger": "leaderboard_bot", "message": "Initializing bot services...", "module": "main", "function": "setup_hook", "line": 71}
{"timestamp": "2025-08-12T14:20:35.868325Z", "level": "INFO", "logger": "leaderboard_bot", "message": "Bot services initialized successfully", "module": "main", "function": "setup_hook", "line": 105}
{"timestamp": "2025-08-12T14:20:38.062199Z", "level": "INFO", "logger": "leaderboard_bot", "message": "Bot is ready! Logged in as /mommys#1970", "module": "main", "function": "on_ready", "line": 119}
{"timestamp": "2025-08-12T14:20:38.062473Z", "level": "INFO", "logger": "leaderboard_bot", "message": "Connected to 1 guilds", "module": "main", "function": "on_ready", "line": 120}
{"timestamp": "2025-08-12T14:20:38.063772Z", "level": "INFO", "logger": "leaderboard_bot", "message": "Serving 10434 users", "module": "main", "function": "on_ready", "line": 121}
{"timestamp": "2025-08-12T14:20:43.473723Z", "level": "INFO", "logger": "leaderboard_bot", "message": "Received signal 15, initiating shutdown...", "module": "main", "function": "signal_handler", "line": 252}
{"timestamp": "2025-08-12T14:20:43.877452Z", "level": "INFO", "logger": "leaderboard_bot", "message": "Initiating graceful shutdown...", "module": "main", "function": "close", "line": 216}
{"timestamp": "2025-08-12T14:20:43.879791Z", "level": "INFO", "logger": "leaderboard_bot", "message": "Final performance metrics:", "module": "monitoring", "function": "log_final_metrics", "line": 413}
{"timestamp": "2025-08-12T14:20:43.879993Z", "level": "INFO", "logger": "leaderboard_bot", "message": "Graceful shutdown completed", "module": "main", "function": "close", "line": 235}
{"timestamp": "2025-08-12T14:20:45.765928Z", "level": "INFO", "logger": "leaderboard_bot", "message": "Initializing bot services...", "module": "main", "function": "setup_hook", "line": 71}
{"timestamp": "2025-08-12T14:20:45.770910Z", "level": "INFO", "logger": "leaderboard_bot", "message": "Bot services initialized successfully", "module": "main", "function": "setup_hook", "line": 105}
{"timestamp": "2025-08-12T14:20:48.129657Z", "level": "INFO", "logger": "leaderboard_bot", "message": "Bot is ready! Logged in as /mommys#1970", "module": "main", "function": "on_ready", "line": 119}
{"timestamp": "2025-08-12T14:20:48.129912Z", "level": "INFO", "logger": "leaderboard_bot", "message": "Connected to 1 guilds", "module": "main", "function": "on_ready", "line": 120}
{"timestamp": "2025-08-12T14:20:48.131328Z", "level": "INFO", "logger": "leaderboard_bot", "message": "Serving 10434 users", "module": "main", "function": "on_ready", "line": 121}
{"timestamp": "2025-08-12T14:23:00.629841Z", "level": "INFO", "logger": "leaderboard_bot", "message": "Received signal 15, initiating shutdown...", "module": "main", "function": "signal_handler", "line": 252}
{"timestamp": "2025-08-12T14:23:01.073397Z", "level": "INFO", "logger": "leaderboard_bot", "message": "Initiating graceful shutdown...", "module": "main", "function": "close", "line": 216}
{"timestamp": "2025-08-12T14:23:01.083954Z", "level": "INFO", "logger": "leaderboard_bot", "message": "Final performance metrics:", "module": "monitoring", "function": "log_final_metrics", "line": 413}
{"timestamp": "2025-08-12T14:23:01.084156Z", "level": "INFO", "logger": "leaderboard_bot", "message": "Operation message_processing: count=3, avg=0.001s, errors=0", "module": "monitoring", "function": "log_final_metrics", "line": 416}
{"timestamp": "2025-08-12T14:23:01.084306Z", "level": "INFO", "logger": "leaderboard_bot", "message": "Graceful shutdown completed", "module": "main", "function": "close", "line": 235}
{"timestamp": "2025-08-12T14:23:02.701834Z", "level": "INFO", "logger": "leaderboard_bot", "message": "Initializing bot services...", "module": "main", "function": "setup_hook", "line": 71}
{"timestamp": "2025-08-12T14:23:02.711819Z", "level": "INFO", "logger": "leaderboard_bot", "message": "Bot services initialized successfully", "module": "main", "function": "setup_hook", "line": 105}
{"timestamp": "2025-08-12T14:23:04.895563Z", "level": "INFO", "logger": "leaderboard_bot", "message": "Bot is ready! Logged in as /mommys#1970", "module": "main", "function": "on_ready", "line": 119}
{"timestamp": "2025-08-12T14:23:04.896796Z", "level": "INFO", "logger": "leaderboard_bot", "message": "Connected to 1 guilds", "module": "main", "function": "on_ready", "line": 120}
{"timestamp": "2025-08-12T14:23:04.900160Z", "level": "INFO", "logger": "leaderboard_bot", "message": "Serving 10434 users", "module": "main", "function": "on_ready", "line": 121}
{"timestamp": "2025-08-12T14:23:13.335566Z", "level": "INFO", "logger": "leaderboard_bot", "message": "Received signal 15, initiating shutdown...", "module": "main", "function": "signal_handler", "line": 252}
{"timestamp": "2025-08-12T14:23:14.201488Z", "level": "INFO", "logger": "leaderboard_bot", "message": "Initiating graceful shutdown...", "module": "main", "function": "close", "line": 216}
{"timestamp": "2025-08-12T14:23:14.231156Z", "level": "INFO", "logger": "leaderboard_bot", "message": "Final performance metrics:", "module": "monitoring", "function": "log_final_metrics", "line": 413}
{"timestamp": "2025-08-12T14:23:14.231326Z", "level": "INFO", "logger": "leaderboard_bot", "message": "Graceful shutdown completed", "module": "main", "function": "close", "line": 235}
{"timestamp": "2025-08-12T14:23:15.738745Z", "level": "INFO", "logger": "leaderboard_bot", "message": "Initializing bot services...", "module": "main", "function": "setup_hook", "line": 71}
{"timestamp": "2025-08-12T14:23:15.749716Z", "level": "INFO", "logger": "leaderboard_bot", "message": "Bot services initialized successfully", "module": "main", "function": "setup_hook", "line": 105}
{"timestamp": "2025-08-12T14:23:18.069307Z", "level": "INFO", "logger": "leaderboard_bot", "message": "Bot is ready! Logged in as /mommys#1970", "module": "main", "function": "on_ready", "line": 119}
{"timestamp": "2025-08-12T14:23:18.069558Z", "level": "INFO", "logger": "leaderboard_bot", "message": "Connected to 1 guilds", "module": "main", "function": "on_ready", "line": 120}
{"timestamp": "2025-08-12T14:23:18.070970Z", "level": "INFO", "logger": "leaderboard_bot", "message": "Serving 10434 users", "module": "main", "function": "on_ready", "line": 121}
{"timestamp": "2025-08-12T14:27:52.304683Z", "level": "INFO", "logger": "leaderboard_bot", "message": "Received signal 15, initiating shutdown...", "module": "main", "function": "signal_handler", "line": 252}
{"timestamp": "2025-08-12T14:27:52.369351Z", "level": "INFO", "logger": "leaderboard_bot", "message": "Initiating graceful shutdown...", "module": "main", "function": "close", "line": 216}
{"timestamp": "2025-08-12T14:27:52.447899Z", "level": "INFO", "logger": "leaderboard_bot", "message": "Final performance metrics:", "module": "monitoring", "function": "log_final_metrics", "line": 413}
{"timestamp": "2025-08-12T14:27:52.448032Z", "level": "INFO", "logger": "leaderboard_bot", "message": "Operation message_processing: count=1, avg=0.023s, errors=0", "module": "monitoring", "function": "log_final_metrics", "line": 416}
{"timestamp": "2025-08-12T14:27:52.448191Z", "level": "INFO", "logger": "leaderboard_bot", "message": "Graceful shutdown completed", "module": "main", "function": "close", "line": 235}
{"timestamp": "2025-08-12T14:27:54.011237Z", "level": "INFO", "logger": "leaderboard_bot", "message": "Initializing bot services...", "module": "main", "function": "setup_hook", "line": 71}
{"timestamp": "2025-08-12T14:27:54.018064Z", "level": "INFO", "logger": "leaderboard_bot", "message": "Bot services initialized successfully", "module": "main", "function": "setup_hook", "line": 105}
{"timestamp": "2025-08-12T14:27:56.336251Z", "level": "INFO", "logger": "leaderboard_bot", "message": "Bot is ready! Logged in as /mommys#1970", "module": "main", "function": "on_ready", "line": 119}
{"timestamp": "2025-08-12T14:27:56.336520Z", "level": "INFO", "logger": "leaderboard_bot", "message": "Connected to 1 guilds", "module": "main", "function": "on_ready", "line": 120}
{"timestamp": "2025-08-12T14:27:56.338039Z", "level": "INFO", "logger": "leaderboard_bot", "message": "Serving 10434 users", "module": "main", "function": "on_ready", "line": 121}
{"timestamp": "2025-08-12T14:29:43.150817Z", "level": "INFO", "logger": "leaderboard_bot", "message": "Received signal 15, initiating shutdown...", "module": "main", "function": "signal_handler", "line": 252}
{"timestamp": "2025-08-12T14:29:43.679785Z", "level": "INFO", "logger": "leaderboard_bot", "message": "Initiating graceful shutdown...", "module": "main", "function": "close", "line": 216}
{"timestamp": "2025-08-12T14:29:43.712907Z", "level": "INFO", "logger": "leaderboard_bot", "message": "Final performance metrics:", "module": "monitoring", "function": "log_final_metrics", "line": 413}
{"timestamp": "2025-08-12T14:29:43.713215Z", "level": "INFO", "logger": "leaderboard_bot", "message": "Operation message_processing: count=1, avg=0.000s, errors=0", "module": "monitoring", "function": "log_final_metrics", "line": 416}
{"timestamp": "2025-08-12T14:29:43.713386Z", "level": "INFO", "logger": "leaderboard_bot", "message": "Graceful shutdown completed", "module": "main", "function": "close", "line": 235}
{"timestamp": "2025-08-12T15:31:58.314662Z", "level": "INFO", "logger": "leaderboard_bot", "message": "Initializing bot services...", "module": "main", "function": "setup_hook", "line": 71}
{"timestamp": "2025-08-12T15:31:58.329871Z", "level": "INFO", "logger": "leaderboard_bot", "message": "Bot services initialized successfully", "module": "main", "function": "setup_hook", "line": 105}
{"timestamp": "2025-08-12T15:32:00.554662Z", "level": "INFO", "logger": "leaderboard_bot", "message": "Bot is ready! Logged in as /mommys#1970", "module": "main", "function": "on_ready", "line": 119}
{"timestamp": "2025-08-12T15:32:00.554912Z", "level": "INFO", "logger": "leaderboard_bot", "message": "Connected to 1 guilds", "module": "main", "function": "on_ready", "line": 120}
{"timestamp": "2025-08-12T15:32:00.556124Z", "level": "INFO", "logger": "leaderboard_bot", "message": "Serving 10433 users", "module": "main", "function": "on_ready", "line": 121}
{"timestamp": "2025-08-12T15:33:00.398148Z", "level": "INFO", "logger": "leaderboard_bot", "message": "Received signal 15, initiating shutdown...", "module": "main", "function": "signal_handler", "line": 252}
{"timestamp": "2025-08-12T15:33:01.398384Z", "level": "INFO", "logger": "leaderboard_bot", "message": "Initiating graceful shutdown...", "module": "main", "function": "close", "line": 216}
{"timestamp": "2025-08-12T15:33:01.400600Z", "level": "INFO", "logger": "leaderboard_bot", "message": "Final performance metrics:", "module": "monitoring", "function": "log_final_metrics", "line": 413}
{"timestamp": "2025-08-12T15:33:01.400818Z", "level": "INFO", "logger": "leaderboard_bot", "message": "Graceful shutdown completed", "module": "main", "function": "close", "line": 235}
{"timestamp": "2025-08-12T15:33:02.780856Z", "level": "INFO", "logger": "leaderboard_bot", "message": "Initializing bot services...", "module": "main", "function": "setup_hook", "line": 71}
{"timestamp": "2025-08-12T15:33:02.787875Z", "level": "INFO", "logger": "leaderboard_bot", "message": "Bot services initialized successfully", "module": "main", "function": "setup_hook", "line": 105}
{"timestamp": "2025-08-12T15:33:05.068507Z", "level": "INFO", "logger": "leaderboard_bot", "message": "Bot is ready! Logged in as /mommys#1970", "module": "main", "function": "on_ready", "line": 119}
{"timestamp": "2025-08-12T15:33:05.068766Z", "level": "INFO", "logger": "leaderboard_bot", "message": "Connected to 1 guilds", "module": "main", "function": "on_ready", "line": 120}
{"timestamp": "2025-08-12T15:33:05.069938Z", "level": "INFO", "logger": "leaderboard_bot", "message": "Serving 10433 users", "module": "main", "function": "on_ready", "line": 121}
{"timestamp": "2025-08-12T15:34:53.339904Z", "level": "INFO", "logger": "leaderboard_bot", "message": "Received signal 15, initiating shutdown...", "module": "main", "function": "signal_handler", "line": 252}
{"timestamp": "2025-08-12T15:34:53.904903Z", "level": "INFO", "logger": "leaderboard_bot", "message": "Initiating graceful shutdown...", "module": "main", "function": "close", "line": 216}
{"timestamp": "2025-08-12T15:34:53.907183Z", "level": "INFO", "logger": "leaderboard_bot", "message": "Final performance metrics:", "module": "monitoring", "function": "log_final_metrics", "line": 413}
{"timestamp": "2025-08-12T15:34:53.907352Z", "level": "INFO", "logger": "leaderboard_bot", "message": "Graceful shutdown completed", "module": "main", "function": "close", "line": 235}
{"timestamp": "2025-08-12T15:34:55.256125Z", "level": "INFO", "logger": "leaderboard_bot", "message": "Initializing bot services...", "module": "main", "function": "setup_hook", "line": 71}
{"timestamp": "2025-08-12T15:34:55.262369Z", "level": "INFO", "logger": "leaderboard_bot", "message": "Bot services initialized successfully", "module": "main", "function": "setup_hook", "line": 105}
{"timestamp": "2025-08-12T15:34:57.601798Z", "level": "INFO", "logger": "leaderboard_bot", "message": "Bot is ready! Logged in as /mommys#1970", "module": "main", "function": "on_ready", "line": 119}
{"timestamp": "2025-08-12T15:34:57.602036Z", "level": "INFO", "logger": "leaderboard_bot", "message": "Connected to 1 guilds", "module": "main", "function": "on_ready", "line": 120}
{"timestamp": "2025-08-12T15:34:57.603398Z", "level": "INFO", "logger": "leaderboard_bot", "message": "Serving 10433 users", "module": "main", "function": "on_ready", "line": 121}
{"timestamp": "2025-08-12T15:37:59.112321Z", "level": "INFO", "logger": "leaderboard_bot", "message": "Received signal 15, initiating shutdown...", "module": "main", "function": "signal_handler", "line": 252}
{"timestamp": "2025-08-12T15:37:59.461006Z", "level": "INFO", "logger": "leaderboard_bot", "message": "Initiating graceful shutdown...", "module": "main", "function": "close", "line": 216}
{"timestamp": "2025-08-12T15:37:59.464227Z", "level": "INFO", "logger": "leaderboard_bot", "message": "Final performance metrics:", "module": "monitoring", "function": "log_final_metrics", "line": 413}
{"timestamp": "2025-08-12T15:37:59.464436Z", "level": "INFO", "logger": "leaderboard_bot", "message": "Graceful shutdown completed", "module": "main", "function": "close", "line": 235}
{"timestamp": "2025-08-12T15:38:01.224556Z", "level": "INFO", "logger": "leaderboard_bot", "message": "Initializing bot services...", "module": "main", "function": "setup_hook", "line": 71}
{"timestamp": "2025-08-12T15:38:01.230988Z", "level": "INFO", "logger": "leaderboard_bot", "message": "Bot services initialized successfully", "module": "main", "function": "setup_hook", "line": 105}
{"timestamp": "2025-08-12T15:38:03.482841Z", "level": "INFO", "logger": "leaderboard_bot", "message": "Bot is ready! Logged in as /mommys#1970", "module": "main", "function": "on_ready", "line": 119}
{"timestamp": "2025-08-12T15:38:03.483206Z", "level": "INFO", "logger": "leaderboard_bot", "message": "Connected to 1 guilds", "module": "main", "function": "on_ready", "line": 120}
{"timestamp": "2025-08-12T15:38:03.484541Z", "level": "INFO", "logger": "leaderboard_bot", "message": "Serving 10433 users", "module": "main", "function": "on_ready", "line": 121}
{"timestamp": "2025-08-12T15:38:48.631826Z", "level": "INFO", "logger": "leaderboard_bot", "message": "Received signal 15, initiating shutdown...", "module": "main", "function": "signal_handler", "line": 252}
{"timestamp": "2025-08-12T15:38:49.296015Z", "level": "INFO", "logger": "leaderboard_bot", "message": "Initiating graceful shutdown...", "module": "main", "function": "close", "line": 216}
{"timestamp": "2025-08-12T15:38:49.298250Z", "level": "INFO", "logger": "leaderboard_bot", "message": "Final performance metrics:", "module": "monitoring", "function": "log_final_metrics", "line": 413}
{"timestamp": "2025-08-12T15:38:49.299248Z", "level": "INFO", "logger": "leaderboard_bot", "message": "Graceful shutdown completed", "module": "main", "function": "close", "line": 235}
{"timestamp": "2025-08-12T15:38:50.736402Z", "level": "INFO", "logger": "leaderboard_bot", "message": "Initializing bot services...", "module": "main", "function": "setup_hook", "line": 71}
{"timestamp": "2025-08-12T15:38:50.742876Z", "level": "INFO", "logger": "leaderboard_bot", "message": "Bot services initialized successfully", "module": "main", "function": "setup_hook", "line": 105}
{"timestamp": "2025-08-12T15:38:53.017586Z", "level": "INFO", "logger": "leaderboard_bot", "message": "Bot is ready! Logged in as /mommys#1970", "module": "main", "function": "on_ready", "line": 119}
{"timestamp": "2025-08-12T15:38:53.017915Z", "level": "INFO", "logger": "leaderboard_bot", "message": "Connected to 1 guilds", "module": "main", "function": "on_ready", "line": 120}
{"timestamp": "2025-08-12T15:38:53.019181Z", "level": "INFO", "logger": "leaderboard_bot", "message": "Serving 10433 users", "module": "main", "function": "on_ready", "line": 121}
{"timestamp": "2025-08-12T15:43:28.687955Z", "level": "INFO", "logger": "leaderboard_bot", "message": "Received signal 15, initiating shutdown...", "module": "main", "function": "signal_handler", "line": 252}
{"timestamp": "2025-08-12T15:43:29.072897Z", "level": "INFO", "logger": "leaderboard_bot", "message": "Initiating graceful shutdown...", "module": "main", "function": "close", "line": 216}
{"timestamp": "2025-08-12T15:43:29.075193Z", "level": "INFO", "logger": "leaderboard_bot", "message": "Final performance metrics:", "module": "monitoring", "function": "log_final_metrics", "line": 413}
{"timestamp": "2025-08-12T15:43:29.075375Z", "level": "INFO", "logger": "leaderboard_bot", "message": "Graceful shutdown completed", "module": "main", "function": "close", "line": 235}
{"timestamp": "2025-08-12T15:43:31.899414Z", "level": "INFO", "logger": "leaderboard_bot", "message": "Initializing bot services...", "module": "main", "function": "setup_hook", "line": 71}
{"timestamp": "2025-08-12T15:43:31.906151Z", "level": "INFO", "logger": "leaderboard_bot", "message": "Bot services initialized successfully", "module": "main", "function": "setup_hook", "line": 105}
{"timestamp": "2025-08-12T15:43:34.156643Z", "level": "INFO", "logger": "leaderboard_bot", "message": "Bot is ready! Logged in as /mommys#1970", "module": "main", "function": "on_ready", "line": 119}
{"timestamp": "2025-08-12T15:43:34.157316Z", "level": "INFO", "logger": "leaderboard_bot", "message": "Connected to 1 guilds", "module": "main", "function": "on_ready", "line": 120}
{"timestamp": "2025-08-12T15:43:34.158419Z", "level": "INFO", "logger": "leaderboard_bot", "message": "Serving 10433 users", "module": "main", "function": "on_ready", "line": 121}
{"timestamp": "2025-08-12T15:56:45.565750Z", "level": "INFO", "logger": "leaderboard_bot", "message": "Received signal 15, initiating shutdown...", "module": "main", "function": "signal_handler", "line": 252}
{"timestamp": "2025-08-12T15:56:45.598113Z", "level": "INFO", "logger": "leaderboard_bot", "message": "Initiating graceful shutdown...", "module": "main", "function": "close", "line": 216}
{"timestamp": "2025-08-12T15:56:45.613454Z", "level": "INFO", "logger": "leaderboard_bot", "message": "Final performance metrics:", "module": "monitoring", "function": "log_final_metrics", "line": 413}
{"timestamp": "2025-08-12T15:56:45.613648Z", "level": "INFO", "logger": "leaderboard_bot", "message": "Operation message_processing: count=65, avg=0.000s, errors=0", "module": "monitoring", "function": "log_final_metrics", "line": 416}
{"timestamp": "2025-08-12T15:56:45.613838Z", "level": "INFO", "logger": "leaderboard_bot", "message": "Graceful shutdown completed", "module": "main", "function": "close", "line": 235}
{"timestamp": "2025-08-12T15:56:47.924116Z", "level": "INFO", "logger": "leaderboard_bot", "message": "Initializing bot services...", "module": "main", "function": "setup_hook", "line": 71}
{"timestamp": "2025-08-12T15:56:47.931649Z", "level": "INFO", "logger": "leaderboard_bot", "message": "Bot services initialized successfully", "module": "main", "function": "setup_hook", "line": 105}
{"timestamp": "2025-08-12T15:56:50.118242Z", "level": "INFO", "logger": "leaderboard_bot", "message": "Bot is ready! Logged in as /mommys#1970", "module": "main", "function": "on_ready", "line": 119}
{"timestamp": "2025-08-12T15:56:50.118510Z", "level": "INFO", "logger": "leaderboard_bot", "message": "Connected to 2 guilds", "module": "main", "function": "on_ready", "line": 120}
{"timestamp": "2025-08-12T15:56:50.120078Z", "level": "INFO", "logger": "leaderboard_bot", "message": "Serving 14069 users", "module": "main", "function": "on_ready", "line": 121}
{"timestamp": "2025-08-12T15:58:58.372807Z", "level": "INFO", "logger": "leaderboard_bot", "message": "Received signal 15, initiating shutdown...", "module": "main", "function": "signal_handler", "line": 252}
{"timestamp": "2025-08-12T15:58:58.604533Z", "level": "INFO", "logger": "leaderboard_bot", "message": "Initiating graceful shutdown...", "module": "main", "function": "close", "line": 216}
{"timestamp": "2025-08-12T15:58:58.636756Z", "level": "INFO", "logger": "leaderboard_bot", "message": "Final performance metrics:", "module": "monitoring", "function": "log_final_metrics", "line": 413}
{"timestamp": "2025-08-12T15:58:58.636938Z", "level": "INFO", "logger": "leaderboard_bot", "message": "Operation message_processing: count=4, avg=0.001s, errors=0", "module": "monitoring", "function": "log_final_metrics", "line": 416}
{"timestamp": "2025-08-12T15:58:58.637087Z", "level": "INFO", "logger": "leaderboard_bot", "message": "Graceful shutdown completed", "module": "main", "function": "close", "line": 235}
{"timestamp": "2025-08-12T15:59:00.346972Z", "level": "INFO", "logger": "leaderboard_bot", "message": "Initializing bot services...", "module": "main", "function": "setup_hook", "line": 71}
{"timestamp": "2025-08-12T15:59:00.354383Z", "level": "INFO", "logger": "leaderboard_bot", "message": "Bot services initialized successfully", "module": "main", "function": "setup_hook", "line": 105}
{"timestamp": "2025-08-12T15:59:02.782899Z", "level": "INFO", "logger": "leaderboard_bot", "message": "Bot is ready! Logged in as /mommys#1970", "module": "main", "function": "on_ready", "line": 119}
{"timestamp": "2025-08-12T15:59:02.783142Z", "level": "INFO", "logger": "leaderboard_bot", "message": "Connected to 2 guilds", "module": "main", "function": "on_ready", "line": 120}
{"timestamp": "2025-08-12T15:59:02.785687Z", "level": "INFO", "logger": "leaderboard_bot", "message": "Serving 14069 users", "module": "main", "function": "on_ready", "line": 121}
{"timestamp": "2025-08-12T16:02:24.584547Z", "level": "INFO", "logger": "leaderboard_bot", "message": "Received signal 15, initiating shutdown...", "module": "main", "function": "signal_handler", "line": 252}
{"timestamp": "2025-08-12T16:02:24.864320Z", "level": "INFO", "logger": "leaderboard_bot", "message": "Initiating graceful shutdown...", "module": "main", "function": "close", "line": 216}
{"timestamp": "2025-08-12T16:02:24.872777Z", "level": "INFO", "logger": "leaderboard_bot", "message": "Final performance metrics:", "module": "monitoring", "function": "log_final_metrics", "line": 413}
{"timestamp": "2025-08-12T16:02:24.872931Z", "level": "INFO", "logger": "leaderboard_bot", "message": "Operation message_processing: count=7, avg=0.001s, errors=0", "module": "monitoring", "function": "log_final_metrics", "line": 416}
{"timestamp": "2025-08-12T16:02:24.873053Z", "level": "INFO", "logger": "leaderboard_bot", "message": "Graceful shutdown completed", "module": "main", "function": "close", "line": 235}
{"timestamp": "2025-08-12T16:02:26.398898Z", "level": "INFO", "logger": "leaderboard_bot", "message": "Initializing bot services...", "module": "main", "function": "setup_hook", "line": 71}
{"timestamp": "2025-08-12T16:02:26.406005Z", "level": "INFO", "logger": "leaderboard_bot", "message": "Bot services initialized successfully", "module": "main", "function": "setup_hook", "line": 105}
{"timestamp": "2025-08-12T16:02:28.683316Z", "level": "INFO", "logger": "leaderboard_bot", "message": "Bot is ready! Logged in as /mommys#1970", "module": "main", "function": "on_ready", "line": 119}
{"timestamp": "2025-08-12T16:02:28.683540Z", "level": "INFO", "logger": "leaderboard_bot", "message": "Connected to 2 guilds", "module": "main", "function": "on_ready", "line": 120}
{"timestamp": "2025-08-12T16:02:28.685291Z", "level": "INFO", "logger": "leaderboard_bot", "message": "Serving 14069 users", "module": "main", "function": "on_ready", "line": 121}
{"timestamp": "2025-08-12T16:05:57.899035Z", "level": "INFO", "logger": "leaderboard_bot", "message": "Received signal 15, initiating shutdown...", "module": "main", "function": "signal_handler", "line": 252}
{"timestamp": "2025-08-12T16:05:58.140785Z", "level": "INFO", "logger": "leaderboard_bot", "message": "Initiating graceful shutdown...", "module": "main", "function": "close", "line": 216}
{"timestamp": "2025-08-12T16:05:58.142981Z", "level": "INFO", "logger": "leaderboard_bot", "message": "Final performance metrics:", "module": "monitoring", "function": "log_final_metrics", "line": 413}
{"timestamp": "2025-08-12T16:05:58.143124Z", "level": "INFO", "logger": "leaderboard_bot", "message": "Operation message_processing: count=13, avg=0.001s, errors=0", "module": "monitoring", "function": "log_final_metrics", "line": 416}
{"timestamp": "2025-08-12T16:05:58.143256Z", "level": "INFO", "logger": "leaderboard_bot", "message": "Graceful shutdown completed", "module": "main", "function": "close", "line": 235}
{"timestamp": "2025-08-12T16:05:59.814287Z", "level": "INFO", "logger": "leaderboard_bot", "message": "Initializing bot services...", "module": "main", "function": "setup_hook", "line": 71}
{"timestamp": "2025-08-12T16:05:59.819826Z", "level": "INFO", "logger": "leaderboard_bot", "message": "Bot services initialized successfully", "module": "main", "function": "setup_hook", "line": 105}
{"timestamp": "2025-08-12T16:06:02.109102Z", "level": "INFO", "logger": "leaderboard_bot", "message": "Bot is ready! Logged in as /mommys#1970", "module": "main", "function": "on_ready", "line": 119}
{"timestamp": "2025-08-12T16:06:02.109970Z", "level": "INFO", "logger": "leaderboard_bot", "message": "Connected to 2 guilds", "module": "main", "function": "on_ready", "line": 120}
{"timestamp": "2025-08-12T16:06:02.111229Z", "level": "INFO", "logger": "leaderboard_bot", "message": "Serving 14069 users", "module": "main", "function": "on_ready", "line": 121}
{"timestamp": "2025-08-12T16:09:51.499768Z", "level": "INFO", "logger": "leaderboard_bot", "message": "Received signal 15, initiating shutdown...", "module": "main", "function": "signal_handler", "line": 252}
{"timestamp": "2025-08-12T16:09:51.943376Z", "level": "INFO", "logger": "leaderboard_bot", "message": "Initiating graceful shutdown...", "module": "main", "function": "close", "line": 216}
{"timestamp": "2025-08-12T16:09:51.959381Z", "level": "INFO", "logger": "leaderboard_bot", "message": "Final performance metrics:", "module": "monitoring", "function": "log_final_metrics", "line": 413}
{"timestamp": "2025-08-12T16:09:51.959548Z", "level": "INFO", "logger": "leaderboard_bot", "message": "Operation message_processing: count=13, avg=0.000s, errors=0", "module": "monitoring", "function": "log_final_metrics", "line": 416}
{"timestamp": "2025-08-12T16:09:51.959736Z", "level": "INFO", "logger": "leaderboard_bot", "message": "Graceful shutdown completed", "module": "main", "function": "close", "line": 235}
{"timestamp": "2025-08-12T16:09:53.416942Z", "level": "INFO", "logger": "leaderboard_bot", "message": "Initializing bot services...", "module": "main", "function": "setup_hook", "line": 71}
{"timestamp": "2025-08-12T16:09:53.423634Z", "level": "INFO", "logger": "leaderboard_bot", "message": "Bot services initialized successfully", "module": "main", "function": "setup_hook", "line": 105}
{"timestamp": "2025-08-12T16:09:55.662345Z", "level": "INFO", "logger": "leaderboard_bot", "message": "Bot is ready! Logged in as /mommys#1970", "module": "main", "function": "on_ready", "line": 119}
{"timestamp": "2025-08-12T16:09:55.662600Z", "level": "INFO", "logger": "leaderboard_bot", "message": "Connected to 2 guilds", "module": "main", "function": "on_ready", "line": 120}
{"timestamp": "2025-08-12T16:09:55.664368Z", "level": "INFO", "logger": "leaderboard_bot", "message": "Serving 14069 users", "module": "main", "function": "on_ready", "line": 121}
{"timestamp": "2025-08-12T16:15:08.573335Z", "level": "INFO", "logger": "leaderboard_bot", "message": "Received signal 15, initiating shutdown...", "module": "main", "function": "signal_handler", "line": 252}
{"timestamp": "2025-08-12T16:15:09.308209Z", "level": "INFO", "logger": "leaderboard_bot", "message": "Initiating graceful shutdown...", "module": "main", "function": "close", "line": 216}
{"timestamp": "2025-08-12T16:15:09.310154Z", "level": "INFO", "logger": "leaderboard_bot", "message": "Final performance metrics:", "module": "monitoring", "function": "log_final_metrics", "line": 413}
{"timestamp": "2025-08-12T16:15:09.310306Z", "level": "INFO", "logger": "leaderboard_bot", "message": "Operation message_processing: count=21, avg=0.000s, errors=0", "module": "monitoring", "function": "log_final_metrics", "line": 416}
{"timestamp": "2025-08-12T16:15:09.310419Z", "level": "INFO", "logger": "leaderboard_bot", "message": "Graceful shutdown completed", "module": "main", "function": "close", "line": 235}
{"timestamp": "2025-08-12T16:15:11.916495Z", "level": "INFO", "logger": "leaderboard_bot", "message": "Initializing bot services...", "module": "main", "function": "setup_hook", "line": 71}
{"timestamp": "2025-08-12T16:15:11.921486Z", "level": "INFO", "logger": "leaderboard_bot", "message": "Bot services initialized successfully", "module": "main", "function": "setup_hook", "line": 105}
{"timestamp": "2025-08-12T16:15:14.230230Z", "level": "INFO", "logger": "leaderboard_bot", "message": "Bot is ready! Logged in as /mommys#1970", "module": "main", "function": "on_ready", "line": 119}
{"timestamp": "2025-08-12T16:15:14.230650Z", "level": "INFO", "logger": "leaderboard_bot", "message": "Connected to 2 guilds", "module": "main", "function": "on_ready", "line": 120}
{"timestamp": "2025-08-12T16:15:14.232156Z", "level": "INFO", "logger": "leaderboard_bot", "message": "Serving 14069 users", "module": "main", "function": "on_ready", "line": 121}
{"timestamp": "2025-08-12T16:19:23.881819Z", "level": "INFO", "logger": "leaderboard_bot", "message": "Received signal 15, initiating shutdown...", "module": "main", "function": "signal_handler", "line": 252}
{"timestamp": "2025-08-12T16:19:24.659888Z", "level": "INFO", "logger": "leaderboard_bot", "message": "Initiating graceful shutdown...", "module": "main", "function": "close", "line": 216}
{"timestamp": "2025-08-12T16:19:24.661496Z", "level": "INFO", "logger": "leaderboard_bot", "message": "Final performance metrics:", "module": "monitoring", "function": "log_final_metrics", "line": 413}
{"timestamp": "2025-08-12T16:19:24.661680Z", "level": "INFO", "logger": "leaderboard_bot", "message": "Operation message_processing: count=36, avg=0.000s, errors=0", "module": "monitoring", "function": "log_final_metrics", "line": 416}
{"timestamp": "2025-08-12T16:19:24.661800Z", "level": "INFO", "logger": "leaderboard_bot", "message": "Graceful shutdown completed", "module": "main", "function": "close", "line": 235}
{"timestamp": "2025-08-12T16:19:26.149769Z", "level": "INFO", "logger": "leaderboard_bot", "message": "Initializing bot services...", "module": "main", "function": "setup_hook", "line": 71}
{"timestamp": "2025-08-12T16:19:26.155690Z", "level": "INFO", "logger": "leaderboard_bot", "message": "Bot services initialized successfully", "module": "main", "function": "setup_hook", "line": 105}
{"timestamp": "2025-08-12T16:19:28.356635Z", "level": "INFO", "logger": "leaderboard_bot", "message": "Bot is ready! Logged in as /mommys#1970", "module": "main", "function": "on_ready", "line": 119}
{"timestamp": "2025-08-12T16:19:28.356920Z", "level": "INFO", "logger": "leaderboard_bot", "message": "Connected to 2 guilds", "module": "main", "function": "on_ready", "line": 120}
{"timestamp": "2025-08-12T16:19:28.358623Z", "level": "INFO", "logger": "leaderboard_bot", "message": "Serving 14069 users", "module": "main", "function": "on_ready", "line": 121}
{"timestamp": "2025-08-12T16:32:23.519069Z", "level": "INFO", "logger": "leaderboard_bot", "message": "Received signal 15, initiating shutdown...", "module": "main", "function": "signal_handler", "line": 252}
{"timestamp": "2025-08-12T16:32:24.151983Z", "level": "INFO", "logger": "leaderboard_bot", "message": "Initiating graceful shutdown...", "module": "main", "function": "close", "line": 216}
{"timestamp": "2025-08-12T16:32:24.188089Z", "level": "INFO", "logger": "leaderboard_bot", "message": "Final performance metrics:", "module": "monitoring", "function": "log_final_metrics", "line": 413}
{"timestamp": "2025-08-12T16:32:24.188292Z", "level": "INFO", "logger": "leaderboard_bot", "message": "Operation message_processing: count=38, avg=0.001s, errors=0", "module": "monitoring", "function": "log_final_metrics", "line": 416}
{"timestamp": "2025-08-12T16:32:24.188434Z", "level": "INFO", "logger": "leaderboard_bot", "message": "Operation voice_state_update: count=12, avg=0.000s, errors=0", "module": "monitoring", "function": "log_final_metrics", "line": 416}
{"timestamp": "2025-08-12T16:32:24.188580Z", "level": "INFO", "logger": "leaderboard_bot", "message": "Graceful shutdown completed", "module": "main", "function": "close", "line": 235}
{"timestamp": "2025-08-12T16:33:08.240818Z", "level": "INFO", "logger": "leaderboard_bot", "message": "Received signal 15, initiating shutdown...", "module": "main", "function": "signal_handler", "line": 262}
{"timestamp": "2025-08-12T16:33:08.308479Z", "level": "INFO", "logger": "leaderboard_bot", "message": "Initiating graceful shutdown...", "module": "main", "function": "close", "line": 226}
{"timestamp": "2025-08-12T16:33:08.308829Z", "level": "INFO", "logger": "leaderboard_bot", "message": "Graceful shutdown completed", "module": "main", "function": "close", "line": 245}
{"timestamp": "2025-08-12T16:33:08.315055Z", "level": "ERROR", "logger": "leaderboard_bot", "message": "Fatal error: Session is closed", "module": "main", "function": "main", "line": 274, "exception": "Traceback (most recent call last):\n  File \"/home/runner/workspace/main.py\", line 269, in main\n    await bot.start(bot.config.TOKEN)\n  File \"/home/runner/workspace/.pythonlibs/lib/python3.11/site-packages/discord/client.py\", line 823, in start\n    await self.login(token)\n  File \"/home/runner/workspace/.pythonlibs/lib/python3.11/site-packages/discord/client.py\", line 654, in login\n    self._application = await self.application_info()\n                        ^^^^^^^^^^^^^^^^^^^^^^^^^^^^^\n  File \"/home/runner/workspace/.pythonlibs/lib/python3.11/site-packages/discord/client.py\", line 2630, in application_info\n    data = await self.http.application_info()\n           ^^^^^^^^^^^^^^^^^^^^^^^^^^^^^^^^^^\n  File \"/home/runner/workspace/.pythonlibs/lib/python3.11/site-packages/discord/http.py\", line 642, in request\n    async with self.__session.request(method, url, **kwargs) as response:\n  File \"/home/runner/workspace/.pythonlibs/lib/python3.11/site-packages/aiohttp/client.py\", line 1488, in __aenter__\n    self._resp: _RetType = await self._coro\n                           ^^^^^^^^^^^^^^^^\n  File \"/home/runner/workspace/.pythonlibs/lib/python3.11/site-packages/aiohttp/client.py\", line 527, in _request\n    raise RuntimeError(\"Session is closed\")\nRuntimeError: Session is closed"}
{"timestamp": "2025-08-12T16:33:12.826908Z", "level": "INFO", "logger": "leaderboard_bot", "message": "Initializing bot services...", "module": "main", "function": "setup_hook", "line": 81}
{"timestamp": "2025-08-12T16:33:12.847703Z", "level": "INFO", "logger": "leaderboard_bot", "message": "Bot services initialized successfully", "module": "main", "function": "setup_hook", "line": 115}
{"timestamp": "2025-08-12T16:33:15.069799Z", "level": "INFO", "logger": "leaderboard_bot", "message": "Bot is ready! Logged in as /mommys#1970", "module": "main", "function": "on_ready", "line": 129}
{"timestamp": "2025-08-12T16:33:15.070443Z", "level": "INFO", "logger": "leaderboard_bot", "message": "Connected to 2 guilds", "module": "main", "function": "on_ready", "line": 130}
{"timestamp": "2025-08-12T16:33:15.072138Z", "level": "INFO", "logger": "leaderboard_bot", "message": "Serving 14070 users", "module": "main", "function": "on_ready", "line": 131}
